0 info it worked if it ends with ok
1 verbose cli [ '/usr/local/bin/node',
1 verbose cli   '/usr/local/bin/npm',
1 verbose cli   'version',
1 verbose cli   '1.0.2' ]
2 info using npm@3.10.9
3 info using node@v7.2.0
4 info git [ 'status', '--porcelain' ]
5 verbose stack Error: Git working directory not clean.
5 verbose stack AM .gitignore
5 verbose stack A  .idea/misc.xml
5 verbose stack A  .idea/modules.xml
5 verbose stack A  .idea/vcs.xml
5 verbose stack AM .idea/workspace.xml
5 verbose stack A  .package.json.swp
5 verbose stack M README.md
5 verbose stack A  grunt-contrib-versioning2.iml
5 verbose stack A  package.json
5 verbose stack A  tasks/versioning.js
5 verbose stack     at /usr/local/lib/node_modules/npm/lib/version.js:247:19
5 verbose stack     at /usr/local/lib/node_modules/npm/lib/utils/no-progress-while-running.js:21:8
5 verbose stack     at ChildProcess.exithandler (child_process.js:202:7)
5 verbose stack     at emitTwo (events.js:106:13)
5 verbose stack     at ChildProcess.emit (events.js:191:7)
5 verbose stack     at maybeClose (internal/child_process.js:885:16)
5 verbose stack     at Socket.<anonymous> (internal/child_process.js:334:11)
5 verbose stack     at emitOne (events.js:96:13)
5 verbose stack     at Socket.emit (events.js:188:7)
5 verbose stack     at Pipe._handle.close [as _onclose] (net.js:501:12)
6 verbose cwd /home/sytnei/custom-projects/grunt-contrib-versioning2
7 error Linux 4.8.0-040800-generic
8 error argv "/usr/local/bin/node" "/usr/local/bin/npm" "version" "1.0.2"
9 error node v7.2.0
10 error npm  v3.10.9
11 error Git working directory not clean.
11 error AM .gitignore
11 error A  .idea/misc.xml
11 error A  .idea/modules.xml
11 error A  .idea/vcs.xml
11 error AM .idea/workspace.xml
11 error A  .package.json.swp
11 error M README.md
11 error A  grunt-contrib-versioning2.iml
11 error A  package.json
11 error A  tasks/versioning.js
12 error If you need help, you may report this error at:
12 error     <https://github.com/npm/npm/issues>
13 verbose exit [ 1, true ]
